[2025-07-01T12:31:45.524Z] Starting node status monitor
[2025-07-01T12:31:45.526Z] Node ID: netrumlite_e4ff9a32984f6df302d9bff38e7f2b17
[2025-07-01T12:31:46.057Z] ERROR: Status check failed: Request failed with status code 404
[2025-07-01T12:31:46.058Z] Current status: InActive
[2025-07-01T12:31:51.842Z] ERROR: Status check failed: Request failed with status code 404
[2025-07-01T12:31:56.482Z] ERROR: Status check failed: Request failed with status code 404
[2025-07-01T12:32:01.486Z] ERROR: Status check failed: Request failed with status code 404
[2025-07-01T12:32:06.524Z] ERROR: Status check failed: Request failed with status code 404
[2025-07-01T12:32:11.514Z] ERROR: Status check failed: Request failed with status code 404
[2025-07-01T12:32:12.447Z] Stopping node status monitor
[2025-07-01T12:35:17.839Z] Starting node status monitor
[2025-07-01T12:35:17.841Z] Node ID: netrumlite_e4ff9a32984f6df302d9bff38e7f2b17
[2025-07-01T12:35:17.842Z] API URL: https://api.netrumlabs.com/api/node/status/?nodeId=netrumlite_e4ff9a32984f6df302d9bff38e7f2b17
[2025-07-01T12:35:18.282Z] Current status: Active
[2025-07-01T12:37:20.270Z] Stopping node status monitor
[2025-07-01T12:37:24.742Z] Starting node status monitor
[2025-07-01T12:37:24.744Z] Node ID: netrumlite_e4ff9a32984f6df302d9bff38e7f2b17
[2025-07-01T12:37:24.744Z] API URL: https://api.netrumlabs.com/api/node/status/?nodeId=netrumlite_e4ff9a32984f6df302d9bff38e7f2b17
[2025-07-01T12:37:25.165Z] Current status: Active
[2025-07-01T12:37:30.486Z] Stopping node status monitor
